{"/mnt/nfs/homes/mvautrot/42_github/REACT_TUTO/shiny-agency/src/index.jsx": {"path":"/mnt/nfs/homes/mvautrot/42_github/REACT_TUTO/shiny-agency/src/index.jsx","statementMap":{"0":{"start":{"line":14,"column":0},"end":{"line":37,"column":2}}},"fnMap":{},"branchMap":{},"s":{"0":0},"f":{},"b":{}}
,"/mnt/nfs/homes/mvautrot/42_github/REACT_TUTO/shiny-agency/src/components/Card/index.jsx": {"path":"/mnt/nfs/homes/mvautrot/42_github/REACT_TUTO/shiny-agency/src/components/Card/index.jsx","statementMap":{"0":{"start":{"line":7,"column":18},"end":{"line":12,"column":1}},"1":{"start":{"line":14,"column":18},"end":{"line":19,"column":1}},"2":{"start":{"line":21,"column":18},"end":{"line":26,"column":1}},"3":{"start":{"line":28,"column":20},"end":{"line":41,"column":1}},"4":{"start":{"line":44,"column":2},"end":{"line":50,"column":4}},"5":{"start":{"line":53,"column":0},"end":{"line":57,"column":2}},"6":{"start":{"line":59,"column":0},"end":{"line":63,"column":2}}},"fnMap":{"0":{"name":"Card","decl":{"start":{"line":43,"column":9},"end":{"line":43,"column":13}},"loc":{"start":{"line":43,"column":41},"end":{"line":51,"column":1}},"line":43}},"branchMap":{},"s":{"0":0,"1":0,"2":0,"3":0,"4":0,"5":0,"6":0},"f":{"0":0},"b":{}}
,"/mnt/nfs/homes/mvautrot/42_github/REACT_TUTO/shiny-agency/src/components/Error/index.jsx": {"path":"/mnt/nfs/homes/mvautrot/42_github/REACT_TUTO/shiny-agency/src/components/Error/index.jsx","statementMap":{"0":{"start":{"line":4,"column":21},"end":{"line":10,"column":1}},"1":{"start":{"line":12,"column":19},"end":{"line":14,"column":1}},"2":{"start":{"line":16,"column":22},"end":{"line":19,"column":1}},"3":{"start":{"line":21,"column":21},"end":{"line":23,"column":1}},"4":{"start":{"line":26,"column":2},"end":{"line":34,"column":4}}},"fnMap":{"0":{"name":"Error","decl":{"start":{"line":25,"column":9},"end":{"line":25,"column":14}},"loc":{"start":{"line":25,"column":17},"end":{"line":35,"column":1}},"line":25}},"branchMap":{},"s":{"0":0,"1":0,"2":0,"3":0,"4":0},"f":{"0":0},"b":{}}
,"/mnt/nfs/homes/mvautrot/42_github/REACT_TUTO/shiny-agency/src/components/Footer/index.jsx": {"path":"/mnt/nfs/homes/mvautrot/42_github/REACT_TUTO/shiny-agency/src/components/Footer/index.jsx","statementMap":{"0":{"start":{"line":6,"column":24},"end":{"line":12,"column":2}},"1":{"start":{"line":14,"column":24},"end":{"line":19,"column":1}},"2":{"start":{"line":22,"column":32},"end":{"line":22,"column":56}},"3":{"start":{"line":23,"column":1},"end":{"line":29,"column":2}},"4":{"start":{"line":25,"column":35},"end":{"line":25,"column":48}}},"fnMap":{"0":{"name":"Footer","decl":{"start":{"line":21,"column":9},"end":{"line":21,"column":15}},"loc":{"start":{"line":21,"column":18},"end":{"line":30,"column":1}},"line":21},"1":{"name":"(anonymous_1)","decl":{"start":{"line":25,"column":29},"end":{"line":25,"column":30}},"loc":{"start":{"line":25,"column":35},"end":{"line":25,"column":48}},"line":25}},"branchMap":{"0":{"loc":{"start":{"line":26,"column":23},"end":{"line":26,"column":54}},"type":"cond-expr","locations":[{"start":{"line":26,"column":43},"end":{"line":26,"column":47}},{"start":{"line":26,"column":50},"end":{"line":26,"column":54}}],"line":26}},"s":{"0":1,"1":1,"2":3,"3":3,"4":1},"f":{"0":3,"1":1},"b":{"0":[2,1]},"_coverageSchema":"1a1c01bbd47fc00a2c39e90264f33305004495a9","hash":"ab0abc70c84100efc0f4b0a385137f6c219d2cda"}
,"/mnt/nfs/homes/mvautrot/42_github/REACT_TUTO/shiny-agency/src/components/Header/index.jsx": {"path":"/mnt/nfs/homes/mvautrot/42_github/REACT_TUTO/shiny-agency/src/components/Header/index.jsx","statementMap":{"0":{"start":{"line":6,"column":17},"end":{"line":8,"column":1}},"1":{"start":{"line":10,"column":21},"end":{"line":15,"column":3}},"2":{"start":{"line":18,"column":2},"end":{"line":31,"column":4}}},"fnMap":{"0":{"name":"Header","decl":{"start":{"line":17,"column":9},"end":{"line":17,"column":15}},"loc":{"start":{"line":17,"column":18},"end":{"line":32,"column":1}},"line":17}},"branchMap":{},"s":{"0":0,"1":0,"2":0},"f":{"0":0},"b":{}}
,"/mnt/nfs/homes/mvautrot/42_github/REACT_TUTO/shiny-agency/src/pages/Freelances/index.jsx": {"path":"/mnt/nfs/homes/mvautrot/42_github/REACT_TUTO/shiny-agency/src/pages/Freelances/index.jsx","statementMap":{"0":{"start":{"line":7,"column":23},"end":{"line":14,"column":1}},"1":{"start":{"line":16,"column":18},"end":{"line":21,"column":1}},"2":{"start":{"line":23,"column":21},"end":{"line":30,"column":1}},"3":{"start":{"line":29,"column":27},"end":{"line":29,"column":68}},"4":{"start":{"line":35,"column":19},"end":{"line":35,"column":29}},"5":{"start":{"line":36,"column":37},"end":{"line":38,"column":3}},"6":{"start":{"line":40,"column":26},"end":{"line":40,"column":47}},"7":{"start":{"line":42,"column":2},"end":{"line":44,"column":3}},"8":{"start":{"line":43,"column":4},"end":{"line":43,"column":51}},"9":{"start":{"line":46,"column":2},"end":{"line":69,"column":4}},"10":{"start":{"line":59,"column":12},"end":{"line":64,"column":14}}},"fnMap":{"0":{"name":"(anonymous_0)","decl":{"start":{"line":29,"column":11},"end":{"line":29,"column":12}},"loc":{"start":{"line":29,"column":27},"end":{"line":29,"column":68}},"line":29},"1":{"name":"Freelances","decl":{"start":{"line":33,"column":9},"end":{"line":33,"column":19}},"loc":{"start":{"line":33,"column":22},"end":{"line":70,"column":1}},"line":33},"2":{"name":"(anonymous_2)","decl":{"start":{"line":58,"column":31},"end":{"line":58,"column":32}},"loc":{"start":{"line":59,"column":12},"end":{"line":64,"column":14}},"line":59}},"branchMap":{"0":{"loc":{"start":{"line":29,"column":27},"end":{"line":29,"column":68}},"type":"cond-expr","locations":[{"start":{"line":29,"column":47},"end":{"line":29,"column":56}},{"start":{"line":29,"column":59},"end":{"line":29,"column":68}}],"line":29},"1":{"loc":{"start":{"line":42,"column":2},"end":{"line":44,"column":3}},"type":"if","locations":[{"start":{"line":42,"column":2},"end":{"line":44,"column":3}},{"start":{},"end":{}}],"line":42},"2":{"loc":{"start":{"line":52,"column":7},"end":{"line":67,"column":7}},"type":"cond-expr","locations":[{"start":{"line":53,"column":8},"end":{"line":55,"column":24}},{"start":{"line":57,"column":8},"end":{"line":66,"column":25}}],"line":52}},"s":{"0":0,"1":0,"2":0,"3":0,"4":0,"5":0,"6":0,"7":0,"8":0,"9":0,"10":0},"f":{"0":0,"1":0,"2":0},"b":{"0":[0,0],"1":[0,0],"2":[0,0]}}
,"/mnt/nfs/homes/mvautrot/42_github/REACT_TUTO/shiny-agency/src/pages/Home/index.jsx": {"path":"/mnt/nfs/homes/mvautrot/42_github/REACT_TUTO/shiny-agency/src/pages/Home/index.jsx","statementMap":{"0":{"start":{"line":7,"column":20},"end":{"line":10,"column":1}},"1":{"start":{"line":12,"column":23},"end":{"line":19,"column":1}},"2":{"start":{"line":21,"column":16},"end":{"line":29,"column":1}},"3":{"start":{"line":31,"column":20},"end":{"line":35,"column":1}},"4":{"start":{"line":37,"column":21},"end":{"line":39,"column":1}},"5":{"start":{"line":44,"column":20},"end":{"line":44,"column":30}},"6":{"start":{"line":46,"column":2},"end":{"line":61,"column":4}}},"fnMap":{"0":{"name":"Home","decl":{"start":{"line":42,"column":9},"end":{"line":42,"column":13}},"loc":{"start":{"line":42,"column":16},"end":{"line":62,"column":1}},"line":42}},"branchMap":{},"s":{"0":1,"1":1,"2":1,"3":1,"4":1,"5":1,"6":1},"f":{"0":1},"b":{},"_coverageSchema":"1a1c01bbd47fc00a2c39e90264f33305004495a9","hash":"412a404622c4aeab155b188364fba1f4e1d9d011"}
,"/mnt/nfs/homes/mvautrot/42_github/REACT_TUTO/shiny-agency/src/pages/Results/index.jsx": {"path":"/mnt/nfs/homes/mvautrot/42_github/REACT_TUTO/shiny-agency/src/pages/Results/index.jsx","statementMap":{"0":{"start":{"line":8,"column":25},"end":{"line":16,"column":1}},"1":{"start":{"line":15,"column":4},"end":{"line":15,"column":70}},"2":{"start":{"line":18,"column":21},"end":{"line":27,"column":1}},"3":{"start":{"line":19,"column":27},"end":{"line":19,"column":68}},"4":{"start":{"line":29,"column":27},"end":{"line":31,"column":1}},"5":{"start":{"line":33,"column":17},"end":{"line":37,"column":1}},"6":{"start":{"line":35,"column":4},"end":{"line":35,"column":63}},"7":{"start":{"line":39,"column":23},"end":{"line":48,"column":1}},"8":{"start":{"line":42,"column":29},"end":{"line":42,"column":77}},"9":{"start":{"line":51,"column":23},"end":{"line":51,"column":43}},"10":{"start":{"line":52,"column":1},"end":{"line":56,"column":8}},"11":{"start":{"line":53,"column":24},"end":{"line":53,"column":35}},"12":{"start":{"line":54,"column":20},"end":{"line":54,"column":44}},"13":{"start":{"line":55,"column":2},"end":{"line":55,"column":82}},"14":{"start":{"line":60,"column":1},"end":{"line":62,"column":2}},"15":{"start":{"line":61,"column":2},"end":{"line":61,"column":15}},"16":{"start":{"line":63,"column":1},"end":{"line":63,"column":19}},"17":{"start":{"line":67,"column":19},"end":{"line":67,"column":29}},"18":{"start":{"line":68,"column":21},"end":{"line":68,"column":46}},"19":{"start":{"line":69,"column":21},"end":{"line":69,"column":47}},"20":{"start":{"line":70,"column":36},"end":{"line":72,"column":2}},"21":{"start":{"line":74,"column":1},"end":{"line":74,"column":51}},"22":{"start":{"line":74,"column":12},"end":{"line":74,"column":51}},"23":{"start":{"line":76,"column":21},"end":{"line":76,"column":38}},"24":{"start":{"line":78,"column":1},"end":{"line":112,"column":3}},"25":{"start":{"line":88,"column":6},"end":{"line":93,"column":17}},"26":{"start":{"line":102,"column":6},"end":{"line":108,"column":23}}},"fnMap":{"0":{"name":"(anonymous_0)","decl":{"start":{"line":14,"column":22},"end":{"line":14,"column":23}},"loc":{"start":{"line":15,"column":4},"end":{"line":15,"column":70}},"line":15},"1":{"name":"(anonymous_1)","decl":{"start":{"line":19,"column":11},"end":{"line":19,"column":12}},"loc":{"start":{"line":19,"column":27},"end":{"line":19,"column":68}},"line":19},"2":{"name":"(anonymous_2)","decl":{"start":{"line":34,"column":11},"end":{"line":34,"column":12}},"loc":{"start":{"line":35,"column":4},"end":{"line":35,"column":63}},"line":35},"3":{"name":"(anonymous_3)","decl":{"start":{"line":42,"column":13},"end":{"line":42,"column":14}},"loc":{"start":{"line":42,"column":29},"end":{"line":42,"column":77}},"line":42},"4":{"name":"formatFetchParams","decl":{"start":{"line":50,"column":16},"end":{"line":50,"column":33}},"loc":{"start":{"line":50,"column":43},"end":{"line":57,"column":1}},"line":50},"5":{"name":"(anonymous_5)","decl":{"start":{"line":52,"column":29},"end":{"line":52,"column":30}},"loc":{"start":{"line":52,"column":70},"end":{"line":56,"column":2}},"line":52},"6":{"name":"formatJobList","decl":{"start":{"line":59,"column":16},"end":{"line":59,"column":29}},"loc":{"start":{"line":59,"column":56},"end":{"line":64,"column":1}},"line":59},"7":{"name":"Results","decl":{"start":{"line":66,"column":9},"end":{"line":66,"column":16}},"loc":{"start":{"line":66,"column":19},"end":{"line":113,"column":1}},"line":66},"8":{"name":"(anonymous_8)","decl":{"start":{"line":87,"column":21},"end":{"line":87,"column":22}},"loc":{"start":{"line":88,"column":6},"end":{"line":93,"column":17}},"line":88},"9":{"name":"(anonymous_9)","decl":{"start":{"line":101,"column":21},"end":{"line":101,"column":22}},"loc":{"start":{"line":102,"column":6},"end":{"line":108,"column":23}},"line":102}},"branchMap":{"0":{"loc":{"start":{"line":15,"column":4},"end":{"line":15,"column":70}},"type":"cond-expr","locations":[{"start":{"line":15,"column":24},"end":{"line":15,"column":46}},{"start":{"line":15,"column":49},"end":{"line":15,"column":70}}],"line":15},"1":{"loc":{"start":{"line":19,"column":27},"end":{"line":19,"column":68}},"type":"cond-expr","locations":[{"start":{"line":19,"column":47},"end":{"line":19,"column":56}},{"start":{"line":19,"column":59},"end":{"line":19,"column":68}}],"line":19},"2":{"loc":{"start":{"line":35,"column":4},"end":{"line":35,"column":63}},"type":"cond-expr","locations":[{"start":{"line":35,"column":24},"end":{"line":35,"column":38}},{"start":{"line":35,"column":41},"end":{"line":35,"column":63}}],"line":35},"3":{"loc":{"start":{"line":42,"column":29},"end":{"line":42,"column":77}},"type":"cond-expr","locations":[{"start":{"line":42,"column":49},"end":{"line":42,"column":65}},{"start":{"line":42,"column":68},"end":{"line":42,"column":77}}],"line":42},"4":{"loc":{"start":{"line":54,"column":20},"end":{"line":54,"column":44}},"type":"cond-expr","locations":[{"start":{"line":54,"column":36},"end":{"line":54,"column":38}},{"start":{"line":54,"column":41},"end":{"line":54,"column":44}}],"line":54},"5":{"loc":{"start":{"line":60,"column":1},"end":{"line":62,"column":2}},"type":"if","locations":[{"start":{"line":60,"column":1},"end":{"line":62,"column":2}},{"start":{},"end":{}}],"line":60},"6":{"loc":{"start":{"line":74,"column":1},"end":{"line":74,"column":51}},"type":"if","locations":[{"start":{"line":74,"column":1},"end":{"line":74,"column":51}},{"start":{},"end":{}}],"line":74},"7":{"loc":{"start":{"line":78,"column":8},"end":{"line":112,"column":2}},"type":"cond-expr","locations":[{"start":{"line":79,"column":2},"end":{"line":81,"column":18}},{"start":{"line":83,"column":2},"end":{"line":111,"column":21}}],"line":78},"8":{"loc":{"start":{"line":86,"column":5},"end":{"line":94,"column":7}},"type":"binary-expr","locations":[{"start":{"line":86,"column":5},"end":{"line":86,"column":16}},{"start":{"line":87,"column":5},"end":{"line":94,"column":7}}],"line":86},"9":{"loc":{"start":{"line":100,"column":5},"end":{"line":109,"column":7}},"type":"binary-expr","locations":[{"start":{"line":100,"column":5},"end":{"line":100,"column":16}},{"start":{"line":101,"column":5},"end":{"line":109,"column":7}}],"line":100}},"s":{"0":1,"1":0,"2":1,"3":0,"4":1,"5":1,"6":0,"7":1,"8":0,"9":2,"10":2,"11":3,"12":3,"13":3,"14":2,"15":1,"16":1,"17":0,"18":0,"19":0,"20":0,"21":0,"22":0,"23":0,"24":0,"25":0,"26":0},"f":{"0":0,"1":0,"2":0,"3":0,"4":2,"5":3,"6":2,"7":0,"8":0,"9":0},"b":{"0":[0,0],"1":[0,0],"2":[0,0],"3":[0,0],"4":[2,1],"5":[1,1],"6":[0,0],"7":[0,0],"8":[0,0],"9":[0,0]},"_coverageSchema":"1a1c01bbd47fc00a2c39e90264f33305004495a9","hash":"2e690330e19277cf585863e8807628237063daeb"}
,"/mnt/nfs/homes/mvautrot/42_github/REACT_TUTO/shiny-agency/src/pages/Survey/index.jsx": {"path":"/mnt/nfs/homes/mvautrot/42_github/REACT_TUTO/shiny-agency/src/pages/Survey/index.jsx","statementMap":{"0":{"start":{"line":9,"column":24},"end":{"line":13,"column":1}},"1":{"start":{"line":15,"column":22},"end":{"line":18,"column":1}},"2":{"start":{"line":20,"column":24},"end":{"line":22,"column":1}},"3":{"start":{"line":24,"column":20},"end":{"line":32,"column":1}},"4":{"start":{"line":34,"column":17},"end":{"line":52,"column":1}},"5":{"start":{"line":45,"column":2},"end":{"line":45,"column":72}},"6":{"start":{"line":54,"column":21},"end":{"line":57,"column":1}},"7":{"start":{"line":60,"column":28},"end":{"line":60,"column":39}},"8":{"start":{"line":61,"column":27},"end":{"line":61,"column":51}},"9":{"start":{"line":63,"column":2},"end":{"line":63,"column":53}},"10":{"start":{"line":64,"column":28},"end":{"line":64,"column":49}},"11":{"start":{"line":65,"column":34},"end":{"line":65,"column":59}},"12":{"start":{"line":68,"column":2},"end":{"line":68,"column":44}},"13":{"start":{"line":71,"column":36},"end":{"line":71,"column":76}},"14":{"start":{"line":72,"column":24},"end":{"line":72,"column":28}},"15":{"start":{"line":74,"column":1},"end":{"line":76,"column":2}},"16":{"start":{"line":75,"column":2},"end":{"line":75,"column":41}},"17":{"start":{"line":78,"column":1},"end":{"line":111,"column":3}},"18":{"start":{"line":90,"column":20},"end":{"line":90,"column":35}},"19":{"start":{"line":96,"column":20},"end":{"line":96,"column":36}}},"fnMap":{"0":{"name":"(anonymous_0)","decl":{"start":{"line":44,"column":15},"end":{"line":44,"column":16}},"loc":{"start":{"line":45,"column":2},"end":{"line":45,"column":72}},"line":45},"1":{"name":"Survey","decl":{"start":{"line":59,"column":9},"end":{"line":59,"column":15}},"loc":{"start":{"line":59,"column":18},"end":{"line":112,"column":1}},"line":59},"2":{"name":"saveReply","decl":{"start":{"line":67,"column":10},"end":{"line":67,"column":19}},"loc":{"start":{"line":67,"column":28},"end":{"line":69,"column":2}},"line":67},"3":{"name":"(anonymous_3)","decl":{"start":{"line":90,"column":14},"end":{"line":90,"column":15}},"loc":{"start":{"line":90,"column":20},"end":{"line":90,"column":35}},"line":90},"4":{"name":"(anonymous_4)","decl":{"start":{"line":96,"column":14},"end":{"line":96,"column":15}},"loc":{"start":{"line":96,"column":20},"end":{"line":96,"column":36}},"line":96}},"branchMap":{"0":{"loc":{"start":{"line":45,"column":2},"end":{"line":45,"column":72}},"type":"cond-expr","locations":[{"start":{"line":45,"column":22},"end":{"line":45,"column":63}},{"start":{"line":45,"column":66},"end":{"line":45,"column":72}}],"line":45},"1":{"loc":{"start":{"line":63,"column":2},"end":{"line":63,"column":53}},"type":"cond-expr","locations":[{"start":{"line":63,"column":28},"end":{"line":63,"column":29}},{"start":{"line":63,"column":32},"end":{"line":63,"column":53}}],"line":63},"2":{"loc":{"start":{"line":74,"column":1},"end":{"line":76,"column":2}},"type":"if","locations":[{"start":{"line":74,"column":1},"end":{"line":76,"column":2}},{"start":{},"end":{}}],"line":74},"3":{"loc":{"start":{"line":81,"column":4},"end":{"line":87,"column":4}},"type":"cond-expr","locations":[{"start":{"line":82,"column":4},"end":{"line":82,"column":14}},{"start":{"line":84,"column":4},"end":{"line":86,"column":22}}],"line":81},"4":{"loc":{"start":{"line":85,"column":6},"end":{"line":85,"column":46}},"type":"binary-expr","locations":[{"start":{"line":85,"column":6},"end":{"line":85,"column":16}},{"start":{"line":85,"column":20},"end":{"line":85,"column":46}}],"line":85},"5":{"loc":{"start":{"line":104,"column":5},"end":{"line":108,"column":5}},"type":"cond-expr","locations":[{"start":{"line":105,"column":5},"end":{"line":105,"column":62}},{"start":{"line":107,"column":5},"end":{"line":107,"column":40}}],"line":104},"6":{"loc":{"start":{"line":104,"column":5},"end":{"line":104,"column":52}},"type":"binary-expr","locations":[{"start":{"line":104,"column":5},"end":{"line":104,"column":15}},{"start":{"line":104,"column":19},"end":{"line":104,"column":52}}],"line":104}},"s":{"0":0,"1":0,"2":0,"3":0,"4":0,"5":0,"6":0,"7":0,"8":0,"9":0,"10":0,"11":0,"12":0,"13":0,"14":0,"15":0,"16":0,"17":0,"18":0,"19":0},"f":{"0":0,"1":0,"2":0,"3":0,"4":0},"b":{"0":[0,0],"1":[0,0],"2":[0,0],"3":[0,0],"4":[0,0],"5":[0,0],"6":[0,0]}}
,"/mnt/nfs/homes/mvautrot/42_github/REACT_TUTO/shiny-agency/src/utils/context/index.jsx": {"path":"/mnt/nfs/homes/mvautrot/42_github/REACT_TUTO/shiny-agency/src/utils/context/index.jsx","statementMap":{"0":{"start":{"line":3,"column":28},"end":{"line":3,"column":43}},"1":{"start":{"line":5,"column":29},"end":{"line":16,"column":1}},"2":{"start":{"line":6,"column":27},"end":{"line":6,"column":44}},"3":{"start":{"line":7,"column":21},"end":{"line":9,"column":2}},"4":{"start":{"line":8,"column":2},"end":{"line":8,"column":49}},"5":{"start":{"line":11,"column":1},"end":{"line":15,"column":3}},"6":{"start":{"line":18,"column":29},"end":{"line":18,"column":44}},"7":{"start":{"line":20,"column":30},"end":{"line":31,"column":1}},"8":{"start":{"line":21,"column":31},"end":{"line":21,"column":43}},"9":{"start":{"line":22,"column":21},"end":{"line":24,"column":2}},"10":{"start":{"line":23,"column":2},"end":{"line":23,"column":44}},"11":{"start":{"line":26,"column":1},"end":{"line":30,"column":3}}},"fnMap":{"0":{"name":"(anonymous_0)","decl":{"start":{"line":5,"column":29},"end":{"line":5,"column":30}},"loc":{"start":{"line":5,"column":47},"end":{"line":16,"column":1}},"line":5},"1":{"name":"(anonymous_1)","decl":{"start":{"line":7,"column":21},"end":{"line":7,"column":22}},"loc":{"start":{"line":7,"column":27},"end":{"line":9,"column":2}},"line":7},"2":{"name":"(anonymous_2)","decl":{"start":{"line":20,"column":30},"end":{"line":20,"column":31}},"loc":{"start":{"line":20,"column":48},"end":{"line":31,"column":1}},"line":20},"3":{"name":"(anonymous_3)","decl":{"start":{"line":22,"column":21},"end":{"line":22,"column":22}},"loc":{"start":{"line":22,"column":37},"end":{"line":24,"column":2}},"line":22}},"branchMap":{"0":{"loc":{"start":{"line":8,"column":11},"end":{"line":8,"column":47}},"type":"cond-expr","locations":[{"start":{"line":8,"column":31},"end":{"line":8,"column":37}},{"start":{"line":8,"column":40},"end":{"line":8,"column":47}}],"line":8}},"s":{"0":3,"1":3,"2":4,"3":4,"4":1,"5":4,"6":3,"7":3,"8":0,"9":0,"10":0,"11":0},"f":{"0":4,"1":1,"2":0,"3":0},"b":{"0":[1,0]},"_coverageSchema":"1a1c01bbd47fc00a2c39e90264f33305004495a9","hash":"f64e0342cc0dcbec5eed62fec43712e9d60eb17b"}
,"/mnt/nfs/homes/mvautrot/42_github/REACT_TUTO/shiny-agency/src/utils/hooks/index.jsx": {"path":"/mnt/nfs/homes/mvautrot/42_github/REACT_TUTO/shiny-agency/src/utils/hooks/index.jsx","statementMap":{"0":{"start":{"line":5,"column":25},"end":{"line":5,"column":37}},"1":{"start":{"line":6,"column":33},"end":{"line":6,"column":47}},"2":{"start":{"line":7,"column":27},"end":{"line":7,"column":42}},"3":{"start":{"line":9,"column":1},"end":{"line":28,"column":11}},"4":{"start":{"line":10,"column":2},"end":{"line":10,"column":19}},"5":{"start":{"line":10,"column":12},"end":{"line":10,"column":19}},"6":{"start":{"line":13,"column":3},"end":{"line":13,"column":20}},"7":{"start":{"line":14,"column":3},"end":{"line":25,"column":4}},"8":{"start":{"line":15,"column":21},"end":{"line":15,"column":37}},"9":{"start":{"line":17,"column":17},"end":{"line":17,"column":38}},"10":{"start":{"line":19,"column":4},"end":{"line":19,"column":18}},"11":{"start":{"line":21,"column":4},"end":{"line":21,"column":21}},"12":{"start":{"line":22,"column":4},"end":{"line":22,"column":19}},"13":{"start":{"line":24,"column":4},"end":{"line":24,"column":22}},"14":{"start":{"line":27,"column":2},"end":{"line":27,"column":14}},"15":{"start":{"line":30,"column":1},"end":{"line":30,"column":35}},"16":{"start":{"line":34,"column":32},"end":{"line":34,"column":56}},"17":{"start":{"line":35,"column":1},"end":{"line":35,"column":31}}},"fnMap":{"0":{"name":"useFetch","decl":{"start":{"line":4,"column":16},"end":{"line":4,"column":24}},"loc":{"start":{"line":4,"column":30},"end":{"line":31,"column":1}},"line":4},"1":{"name":"(anonymous_1)","decl":{"start":{"line":9,"column":11},"end":{"line":9,"column":12}},"loc":{"start":{"line":9,"column":17},"end":{"line":28,"column":2}},"line":9},"2":{"name":"fetchData","decl":{"start":{"line":12,"column":17},"end":{"line":12,"column":26}},"loc":{"start":{"line":12,"column":29},"end":{"line":26,"column":3}},"line":12},"3":{"name":"useTheme","decl":{"start":{"line":33,"column":16},"end":{"line":33,"column":24}},"loc":{"start":{"line":33,"column":27},"end":{"line":36,"column":1}},"line":33}},"branchMap":{"0":{"loc":{"start":{"line":10,"column":2},"end":{"line":10,"column":19}},"type":"if","locations":[{"start":{"line":10,"column":2},"end":{"line":10,"column":19}},{"start":{},"end":{}}],"line":10}},"s":{"0":0,"1":0,"2":0,"3":0,"4":0,"5":0,"6":0,"7":0,"8":0,"9":0,"10":0,"11":0,"12":0,"13":0,"14":0,"15":0,"16":1,"17":1},"f":{"0":0,"1":0,"2":0,"3":1},"b":{"0":[0,0]},"_coverageSchema":"1a1c01bbd47fc00a2c39e90264f33305004495a9","hash":"3e8faea38f2f2f5fc119d26d49c8ce04b70a0da7"}
,"/mnt/nfs/homes/mvautrot/42_github/REACT_TUTO/shiny-agency/src/utils/style/Atoms.jsx": {"path":"/mnt/nfs/homes/mvautrot/42_github/REACT_TUTO/shiny-agency/src/utils/style/Atoms.jsx","statementMap":{"0":{"start":{"line":5,"column":15},"end":{"line":12,"column":3}},"1":{"start":{"line":15,"column":22},"end":{"line":23,"column":2}},"2":{"start":{"line":24,"column":29},"end":{"line":27,"column":1}},"3":{"start":{"line":30,"column":26},"end":{"line":41,"column":1}},"4":{"start":{"line":37,"column":2},"end":{"line":40,"column":39}}},"fnMap":{"0":{"name":"(anonymous_0)","decl":{"start":{"line":36,"column":3},"end":{"line":36,"column":4}},"loc":{"start":{"line":37,"column":2},"end":{"line":40,"column":39}},"line":37}},"branchMap":{"0":{"loc":{"start":{"line":37,"column":2},"end":{"line":40,"column":39}},"type":"binary-expr","locations":[{"start":{"line":37,"column":2},"end":{"line":37,"column":19}},{"start":{"line":38,"column":2},"end":{"line":40,"column":39}}],"line":37}},"s":{"0":2,"1":2,"2":2,"3":2,"4":1},"f":{"0":1},"b":{"0":[1,1]},"_coverageSchema":"1a1c01bbd47fc00a2c39e90264f33305004495a9","hash":"380127b6e20f1e0cd156571872f45d4ba039609a"}
,"/mnt/nfs/homes/mvautrot/42_github/REACT_TUTO/shiny-agency/src/utils/style/GlobalStyle.jsx": {"path":"/mnt/nfs/homes/mvautrot/42_github/REACT_TUTO/shiny-agency/src/utils/style/GlobalStyle.jsx","statementMap":{"0":{"start":{"line":5,"column":26},"end":{"line":15,"column":1}},"1":{"start":{"line":12,"column":4},"end":{"line":12,"column":36}},"2":{"start":{"line":18,"column":19},"end":{"line":18,"column":43}},"3":{"start":{"line":19,"column":1},"end":{"line":19,"column":60}}},"fnMap":{"0":{"name":"(anonymous_0)","decl":{"start":{"line":11,"column":23},"end":{"line":11,"column":24}},"loc":{"start":{"line":12,"column":4},"end":{"line":12,"column":36}},"line":12},"1":{"name":"GlobalStyle","decl":{"start":{"line":17,"column":9},"end":{"line":17,"column":20}},"loc":{"start":{"line":17,"column":23},"end":{"line":20,"column":1}},"line":17}},"branchMap":{"0":{"loc":{"start":{"line":12,"column":4},"end":{"line":12,"column":36}},"type":"cond-expr","locations":[{"start":{"line":12,"column":17},"end":{"line":12,"column":26}},{"start":{"line":12,"column":29},"end":{"line":12,"column":36}}],"line":12}},"s":{"0":0,"1":0,"2":0,"3":0},"f":{"0":0,"1":0},"b":{"0":[0,0]}}
}
