TN:
SF:src/index.jsx
FNF:0
FNH:0
DA:14,0
LF:1
LH:0
BRF:0
BRH:0
end_of_record
TN:
SF:src/components/Card/index.jsx
FN:43,Card
FNF:1
FNH:0
FNDA:0,Card
DA:7,0
DA:14,0
DA:21,0
DA:28,0
DA:44,0
DA:53,0
DA:59,0
LF:7
LH:0
BRF:0
BRH:0
end_of_record
TN:
SF:src/components/Error/index.jsx
FN:25,Error
FNF:1
FNH:0
FNDA:0,Error
DA:4,0
DA:12,0
DA:16,0
DA:21,0
DA:26,0
LF:5
LH:0
BRF:0
BRH:0
end_of_record
TN:
SF:src/components/Footer/index.jsx
FN:21,Footer
FN:25,(anonymous_1)
FNF:2
FNH:2
FNDA:3,Footer
FNDA:1,(anonymous_1)
DA:6,1
DA:14,1
DA:22,3
DA:23,3
DA:25,1
LF:5
LH:5
BRDA:26,0,0,2
BRDA:26,0,1,1
BRF:2
BRH:2
end_of_record
TN:
SF:src/components/Header/index.jsx
FN:17,Header
FNF:1
FNH:0
FNDA:0,Header
DA:6,0
DA:10,0
DA:18,0
LF:3
LH:0
BRF:0
BRH:0
end_of_record
TN:
SF:src/pages/Freelances/index.jsx
FN:29,(anonymous_0)
FN:33,Freelances
FN:58,(anonymous_2)
FNF:3
FNH:0
FNDA:0,(anonymous_0)
FNDA:0,Freelances
FNDA:0,(anonymous_2)
DA:7,0
DA:16,0
DA:23,0
DA:29,0
DA:35,0
DA:36,0
DA:40,0
DA:42,0
DA:43,0
DA:46,0
DA:59,0
LF:11
LH:0
BRDA:29,0,0,0
BRDA:29,0,1,0
BRDA:42,1,0,0
BRDA:42,1,1,0
BRDA:52,2,0,0
BRDA:52,2,1,0
BRF:6
BRH:0
end_of_record
TN:
SF:src/pages/Home/index.jsx
FN:42,Home
FNF:1
FNH:1
FNDA:1,Home
DA:7,1
DA:12,1
DA:21,1
DA:31,1
DA:37,1
DA:44,1
DA:46,1
LF:7
LH:7
BRF:0
BRH:0
end_of_record
TN:
SF:src/pages/Results/index.jsx
FN:14,(anonymous_0)
FN:19,(anonymous_1)
FN:34,(anonymous_2)
FN:42,(anonymous_3)
FN:50,formatFetchParams
FN:52,(anonymous_5)
FN:59,formatJobList
FN:66,Results
FN:87,(anonymous_8)
FN:101,(anonymous_9)
FNF:10
FNH:3
FNDA:0,(anonymous_0)
FNDA:0,(anonymous_1)
FNDA:0,(anonymous_2)
FNDA:0,(anonymous_3)
FNDA:2,formatFetchParams
FNDA:3,(anonymous_5)
FNDA:2,formatJobList
FNDA:0,Results
FNDA:0,(anonymous_8)
FNDA:0,(anonymous_9)
DA:8,1
DA:15,0
DA:18,1
DA:19,0
DA:29,1
DA:33,1
DA:35,0
DA:39,1
DA:42,0
DA:51,2
DA:52,2
DA:53,3
DA:54,3
DA:55,3
DA:60,2
DA:61,1
DA:63,1
DA:67,0
DA:68,0
DA:69,0
DA:70,0
DA:74,0
DA:76,0
DA:78,0
DA:88,0
DA:102,0
LF:26
LH:13
BRDA:15,0,0,0
BRDA:15,0,1,0
BRDA:19,1,0,0
BRDA:19,1,1,0
BRDA:35,2,0,0
BRDA:35,2,1,0
BRDA:42,3,0,0
BRDA:42,3,1,0
BRDA:54,4,0,2
BRDA:54,4,1,1
BRDA:60,5,0,1
BRDA:60,5,1,1
BRDA:74,6,0,0
BRDA:74,6,1,0
BRDA:78,7,0,0
BRDA:78,7,1,0
BRDA:86,8,0,0
BRDA:86,8,1,0
BRDA:100,9,0,0
BRDA:100,9,1,0
BRF:20
BRH:4
end_of_record
TN:
SF:src/pages/Survey/index.jsx
FN:44,(anonymous_0)
FN:59,Survey
FN:67,saveReply
FN:90,(anonymous_3)
FN:96,(anonymous_4)
FNF:5
FNH:0
FNDA:0,(anonymous_0)
FNDA:0,Survey
FNDA:0,saveReply
FNDA:0,(anonymous_3)
FNDA:0,(anonymous_4)
DA:9,0
DA:15,0
DA:20,0
DA:24,0
DA:34,0
DA:45,0
DA:54,0
DA:60,0
DA:61,0
DA:63,0
DA:64,0
DA:65,0
DA:68,0
DA:71,0
DA:72,0
DA:74,0
DA:75,0
DA:78,0
DA:90,0
DA:96,0
LF:20
LH:0
BRDA:45,0,0,0
BRDA:45,0,1,0
BRDA:63,1,0,0
BRDA:63,1,1,0
BRDA:74,2,0,0
BRDA:74,2,1,0
BRDA:81,3,0,0
BRDA:81,3,1,0
BRDA:85,4,0,0
BRDA:85,4,1,0
BRDA:104,5,0,0
BRDA:104,5,1,0
BRDA:104,6,0,0
BRDA:104,6,1,0
BRF:14
BRH:0
end_of_record
TN:
SF:src/utils/context/index.jsx
FN:5,(anonymous_0)
FN:7,(anonymous_1)
FN:20,(anonymous_2)
FN:22,(anonymous_3)
FNF:4
FNH:2
FNDA:4,(anonymous_0)
FNDA:1,(anonymous_1)
FNDA:0,(anonymous_2)
FNDA:0,(anonymous_3)
DA:3,3
DA:5,3
DA:6,4
DA:7,4
DA:8,1
DA:11,4
DA:18,3
DA:20,3
DA:21,0
DA:22,0
DA:23,0
DA:26,0
LF:12
LH:8
BRDA:8,0,0,1
BRDA:8,0,1,0
BRF:2
BRH:1
end_of_record
TN:
SF:src/utils/hooks/index.jsx
FN:4,useFetch
FN:9,(anonymous_1)
FN:12,fetchData
FN:33,useTheme
FNF:4
FNH:1
FNDA:0,useFetch
FNDA:0,(anonymous_1)
FNDA:0,fetchData
FNDA:1,useTheme
DA:5,0
DA:6,0
DA:7,0
DA:9,0
DA:10,0
DA:13,0
DA:14,0
DA:15,0
DA:17,0
DA:19,0
DA:21,0
DA:22,0
DA:24,0
DA:27,0
DA:30,0
DA:34,1
DA:35,1
LF:17
LH:2
BRDA:10,0,0,0
BRDA:10,0,1,0
BRF:2
BRH:0
end_of_record
TN:
SF:src/utils/style/Atoms.jsx
FN:36,(anonymous_0)
FNF:1
FNH:1
FNDA:1,(anonymous_0)
DA:5,2
DA:15,2
DA:24,2
DA:30,2
DA:37,1
LF:5
LH:5
BRDA:37,0,0,1
BRDA:37,0,1,1
BRF:2
BRH:2
end_of_record
TN:
SF:src/utils/style/GlobalStyle.jsx
FN:11,(anonymous_0)
FN:17,GlobalStyle
FNF:2
FNH:0
FNDA:0,(anonymous_0)
FNDA:0,GlobalStyle
DA:5,0
DA:12,0
DA:18,0
DA:19,0
LF:4
LH:0
BRDA:12,0,0,0
BRDA:12,0,1,0
BRF:2
BRH:0
end_of_record
